{"D:\\NgServices\\Cidaas\\NodeCodeCoverage\\private\\controller.js":{"path":"D:\\NgServices\\Cidaas\\NodeCodeCoverage\\private\\controller.js","s":{"1":1,"2":1,"3":1,"4":2,"5":1,"6":1},"b":{},"f":{"1":1,"2":2},"fnMap":{"1":{"name":"TestController","line":1,"loc":{"start":{"line":1,"column":0},"end":{"line":1,"column":26}}},"2":{"name":"greet","line":4,"loc":{"start":{"line":4,"column":4},"end":{"line":4,"column":25}}}},"statementMap":{"1":{"start":{"line":1,"column":0},"end":{"line":8,"column":1}},"2":{"start":{"line":3,"column":4},"end":{"line":3,"column":13}},"3":{"start":{"line":4,"column":4},"end":{"line":6,"column":5}},"4":{"start":{"line":5,"column":8},"end":{"line":5,"column":31}},"5":{"start":{"line":7,"column":4},"end":{"line":7,"column":19}},"6":{"start":{"line":9,"column":0},"end":{"line":9,"column":34}}},"branchMap":{}},"D:\\NgServices\\Cidaas\\NodeCodeCoverage\\public\\simple.js":{"path":"D:\\NgServices\\Cidaas\\NodeCodeCoverage\\public\\simple.js","s":{"1":1,"2":1,"3":2,"4":1,"5":3,"6":1,"7":1},"b":{},"f":{"1":1,"2":2,"3":3},"fnMap":{"1":{"name":"SimpleOperation","line":1,"loc":{"start":{"line":1,"column":0},"end":{"line":1,"column":27}}},"2":{"name":"convertUpperCase","line":2,"loc":{"start":{"line":2,"column":4},"end":{"line":2,"column":37}}},"3":{"name":"convertLowerCase","line":5,"loc":{"start":{"line":5,"column":4},"end":{"line":5,"column":37}}}},"statementMap":{"1":{"start":{"line":1,"column":0},"end":{"line":9,"column":1}},"2":{"start":{"line":2,"column":4},"end":{"line":4,"column":5}},"3":{"start":{"line":3,"column":8},"end":{"line":3,"column":55}},"4":{"start":{"line":5,"column":4},"end":{"line":7,"column":5}},"5":{"start":{"line":6,"column":8},"end":{"line":6,"column":55}},"6":{"start":{"line":8,"column":4},"end":{"line":8,"column":48}},"7":{"start":{"line":10,"column":0},"end":{"line":10,"column":35}}},"branchMap":{}}}