TN:
SF:D:\NgServices\Cidaas\NodeCodeCoverage\private\controller.js
FN:1,TestController
FN:4,greet
FNF:2
FNH:2
FNDA:1,TestController
FNDA:2,greet
DA:1,1
DA:3,1
DA:4,1
DA:5,2
DA:7,1
DA:9,1
LF:6
LH:6
BRF:0
BRH:0
end_of_record
TN:
SF:D:\NgServices\Cidaas\NodeCodeCoverage\public\simple.js
FN:1,SimpleOperation
FN:2,convertUpperCase
FN:5,convertLowerCase
FNF:3
FNH:3
FNDA:1,SimpleOperation
FNDA:2,convertUpperCase
FNDA:3,convertLowerCase
DA:1,1
DA:2,1
DA:3,2
DA:5,1
DA:6,3
DA:8,1
DA:10,1
LF:7
LH:7
BRF:0
BRH:0
end_of_record
